<?xml version="1.0" encoding="UTF-8"?>
<testsuite xmlns:xsi="http://www.w3.org/2001/XMLSchema-instance" xsi:noNamespaceSchemaLocation="https://maven.apache.org/surefire/maven-surefire-plugin/xsd/surefire-test-report.xsd" version="3.0.2" name="io.github.camunda.connector.processtest.GovernorProcessTest" time="36.79" tests="3" errors="0" skipped="0" failures="0" flakes="0">
  <properties>
[...]
</properties>
  <testcase name="unknownModelPrice_takesBoundaryEventBranchInsteadOfDone" classname="io.github.camunda.connector.processtest.GovernorProcessTest" time="5.236">
    <system-out><![CDATA[23:57:30.243 WARN  tc.camunda - ? - The following legacy property is no longer supported and should be removed in favor of 'camunda.data.exporters': zeebe.broker.exporters
23:57:30.681 WARN  tc.camunda - ? - The following legacy configuration properties should be removed in favor of 'camunda.system.clock-controlled': zeebe.clock.controlled
23:57:32.752 WARN  tc.camunda - ? - No document stores configured. Using fallback in-memory document store.
23:57:32.890 WARN  tc.camunda - ? - No license detected when one is expected. Please provide a license through the CAMUNDA_LICENSE_KEY environment variable.
23:57:33.599 WARN  tc.camunda - ? - The API is unprotected. Please disable camunda.security.authentication.unprotected-api for any deployment.
23:57:37.493 WARN  tc.camunda - ? - No backup store is configured. Backups will not be taken
23:57:38.618 WARN  tc.camunda - ? - Partition-1 failed, marking it as unhealthy: HealthReport[componentName=Partition-1, status=UNHEALTHY, issue=HealthIssue[message=Services not installed, throwable=null, cause=null, since=2026-09-24T18:27:38.581859559Z], children={ZeebePartitionHealth-1=HealthReport[componentName=ZeebePartitionHealth-1, status=UNHEALTHY, issue=HealthIssue[message=Services not installed, throwable=null, cause=null, since=2026-09-24T18:27:38.581859559Z], children={}], RaftPartition-1=HealthReport[componentName=RaftPartition-1, status=HEALTHY, issue=null, children={}]}]
23:57:40.423 WARN  tc.camunda - ? - SpringDoc /v3/api-docs endpoint is enabled by default. To disable it in production, set the property 'springdoc.api-docs.enabled=false'
23:57:40.423 WARN  tc.camunda - ? - SpringDoc /swagger-ui.html endpoint is enabled by default. To disable it in production, set the property 'springdoc.swagger-ui.enabled=false'
23:57:40.622 WARN  tc.camunda - ? - Partition-1 failed, marking it as unhealthy: HealthReport[componentName=Partition-1, status=UNHEALTHY, issue=HealthIssue[message=Services not installed, throwable=null, cause=null, since=2026-09-24T18:27:38.581859559Z], children={ZeebePartitionHealth-1=HealthReport[componentName=ZeebePartitionHealth-1, status=UNHEALTHY, issue=HealthIssue[message=Services not installed, throwable=null, cause=null, since=2026-09-24T18:27:38.581859559Z], children={}], StreamProcessor-1=HealthReport[componentName=StreamProcessor-1, status=HEALTHY, issue=null, children={}], RaftPartition-1=HealthReport[componentName=RaftPartition-1, status=HEALTHY, issue=null, children={}]}]
23:57:40.639 WARN  tc.camunda - ? - MigrationSnapshotDirector failed, marking it as unhealthy: HealthReport[componentName=MigrationSnapshotDirector, status=UNHEALTHY, issue=HealthIssue[message=Snapshot not taken yet, retryCount=1, will retry in PT0S, throwable=null, cause=null, since=2026-09-24T18:27:40.632819962Z], children={}]
23:57:40.675 WARN  tc.camunda - ? - Partition-1 failed, marking it as unhealthy: HealthReport[componentName=Partition-1, status=UNHEALTHY, issue=HealthIssue[message=Services not installed, throwable=null, cause=null, since=2026-09-24T18:27:38.581859559Z], children={SnapshotDirector-1=HealthReport[componentName=SnapshotDirector-1, status=HEALTHY, issue=null, children={}], ZeebePartitionHealth-1=HealthReport[componentName=ZeebePartitionHealth-1, status=UNHEALTHY, issue=HealthIssue[message=Services not installed, throwable=null, cause=null, since=2026-09-24T18:27:38.581859559Z], children={}], StreamProcessor-1=HealthReport[componentName=StreamProcessor-1, status=HEALTHY, issue=null, children={}], RaftPartition-1=HealthReport[componentName=RaftPartition-1, status=HEALTHY, issue=null, children={}]}]
23:57:40.678 WARN  tc.camunda - ? - Partition-1 failed, marking it as unhealthy: HealthReport[componentName=Partition-1, status=UNHEALTHY, issue=HealthIssue[message=Services not installed, throwable=null, cause=null, since=2026-09-24T18:27:38.581859559Z], children={SnapshotDirector-1=HealthReport[componentName=SnapshotDirector-1, status=HEALTHY, issue=null, children={}], ZeebePartitionHealth-1=HealthReport[componentName=ZeebePartitionHealth-1, status=UNHEALTHY, issue=HealthIssue[message=Services not installed, throwable=null, cause=null, since=2026-09-24T18:27:38.581859559Z], children={}], StreamProcessor-1=HealthReport[componentName=StreamProcessor-1, status=HEALTHY, issue=null, children={}], MigrationSnapshotDirector=HealthReport[componentName=MigrationSnapshotDirector, status=UNHEALTHY, issue=HealthIssue[message=Snapshot not taken yet, retryCount=1, will retry in PT0S, throwable=null, cause=null, since=2026-09-24T18:27:40.632819962Z], children={}], RaftPartition-1=HealthReport[componentName=RaftPartition-1, status=HEALTHY, issue=null, children={}]}]
23:57:40.679 WARN  tc.camunda - ? - Partition-1 failed, marking it as unhealthy: HealthReport[componentName=Partition-1, status=UNHEALTHY, issue=HealthIssue[message=Services not installed, throwable=null, cause=null, since=2026-09-24T18:27:38.581859559Z], children={SnapshotDirector-1=HealthReport[componentName=SnapshotDirector-1, status=HEALTHY, issue=null, children={}], ZeebePartitionHealth-1=HealthReport[componentName=ZeebePartitionHealth-1, status=UNHEALTHY, issue=HealthIssue[message=Services not installed, throwable=null, cause=null, since=2026-09-24T18:27:38.581859559Z], children={}], StreamProcessor-1=HealthReport[componentName=StreamProcessor-1, status=HEALTHY, issue=null, children={}], MigrationSnapshotDirector=HealthReport[componentName=MigrationSnapshotDirector, status=UNHEALTHY, issue=HealthIssue[message=Snapshot not taken yet, retryCount=1, will retry in PT0S, throwable=null, cause=null, since=2026-09-24T18:27:40.632819962Z], children={}], RaftPartition-1=HealthReport[componentName=RaftPartition-1, status=HEALTHY, issue=null, children={}]}]
23:57:40.680 WARN  tc.camunda - ? - Partition-1 failed, marking it as unhealthy: HealthReport[componentName=Partition-1, status=UNHEALTHY, issue=HealthIssue[message=Services not installed, throwable=null, cause=null, since=2026-09-24T18:27:38.581859559Z], children={SnapshotDirector-1=HealthReport[componentName=SnapshotDirector-1, status=HEALTHY, issue=null, children={}], ZeebePartitionHealth-1=HealthReport[componentName=ZeebePartitionHealth-1, status=UNHEALTHY, issue=HealthIssue[message=Services not installed, throwable=null, cause=null, since=2026-09-24T18:27:38.581859559Z], children={}], StreamProcessor-1=HealthReport[componentName=StreamProcessor-1, status=HEALTHY, issue=null, children={}], Exporter-1=HealthReport[componentName=Exporter-1, status=HEALTHY, issue=null, children={}], MigrationSnapshotDirector=HealthReport[componentName=MigrationSnapshotDirector, status=UNHEALTHY, issue=HealthIssue[message=Snapshot not taken yet, retryCount=1, will retry in PT0S, throwable=null, cause=null, since=2026-09-24T18:27:40.632819962Z], children={}], RaftPartition-1=HealthReport[componentName=RaftPartition-1, status=HEALTHY, issue=null, children={}]}]
23:57:40.694 WARN  tc.camunda - ? - Partition-1 failed, marking it as unhealthy: HealthReport[componentName=Partition-1, status=UNHEALTHY, issue=HealthIssue[message=Snapshot not taken yet, retryCount=1, will retry in PT0S, throwable=null, cause=null, since=2026-09-24T18:27:40.632819962Z], children={SnapshotDirector-1=HealthReport[componentName=SnapshotDirector-1, status=HEALTHY, issue=null, children={}], ZeebePartitionHealth-1=HealthReport[componentName=ZeebePartitionHealth-1, status=HEALTHY, issue=null, children={}], StreamProcessor-1=HealthReport[componentName=StreamProcessor-1, status=HEALTHY, issue=null, children={}], Exporter-1=HealthReport[componentName=Exporter-1, status=HEALTHY, issue=null, children={}], MigrationSnapshotDirector=HealthReport[componentName=MigrationSnapshotDirector, status=UNHEALTHY, issue=HealthIssue[message=Snapshot not taken yet, retryCount=1, will retry in PT0S, throwable=null, cause=null, since=2026-09-24T18:27:40.632819962Z], children={}], RaftPartition-1=HealthReport[componentName=RaftPartition-1, status=HEALTHY, issue=null, children={}]}]
23:57:43.012 DEBUG i.g.c.c.pricing.PriceTable - Loaded bundled default price table: 7 rows
23:57:47.697 WARN  tc.camunda - ? - ZeebePartitionHealth-1 failed, marking it as unhealthy: HealthReport[componentName=ZeebePartitionHealth-1, status=UNHEALTHY, issue=HealthIssue[message=Services not installed, throwable=null, cause=null, since=2026-09-24T18:27:47.693227520Z], children={}]
23:57:47.699 WARN  tc.camunda - ? - Partition-1 failed, marking it as unhealthy: HealthReport[componentName=Partition-1, status=UNHEALTHY, issue=HealthIssue[message=Services not installed, throwable=null, cause=null, since=2026-09-24T18:27:47.693227520Z], children={SnapshotDirector-1=HealthReport[componentName=SnapshotDirector-1, status=HEALTHY, issue=null, children={}], ZeebePartitionHealth-1=HealthReport[componentName=ZeebePartitionHealth-1, status=UNHEALTHY, issue=HealthIssue[message=Services not installed, throwable=null, cause=null, since=2026-09-24T18:27:47.693227520Z], children={}], StreamProcessor-1=HealthReport[componentName=StreamProcessor-1, status=HEALTHY, issue=null, children={}], Exporter-1=HealthReport[componentName=Exporter-1, status=HEALTHY, issue=null, children={}], MigrationSnapshotDirector=HealthReport[componentName=MigrationSnapshotDirector, status=HEALTHY, issue=null, children={}], RaftPartition-1=HealthReport[componentName=RaftPartition-1, status=HEALTHY, issue=null, children={}]}]
23:57:47.699 WARN  tc.camunda - ? - Partition-1 failed, marking it as unhealthy: HealthReport[componentName=Partition-1, status=UNHEALTHY, issue=HealthIssue[message=Services not installed, throwable=null, cause=null, since=2026-09-24T18:27:47.693227520Z], children={SnapshotDirector-1=HealthReport[componentName=SnapshotDirector-1, status=HEALTHY, issue=null, children={}], ZeebePartitionHealth-1=HealthReport[componentName=ZeebePartitionHealth-1, status=UNHEALTHY, issue=HealthIssue[message=Services not installed, throwable=null, cause=null, since=2026-09-24T18:27:47.693227520Z], children={}], StreamProcessor-1=HealthReport[componentName=StreamProcessor-1, status=HEALTHY, issue=null, children={}], Exporter-1=HealthReport[componentName=Exporter-1, status=HEALTHY, issue=null, children={}], MigrationSnapshotDirector=HealthReport[componentName=MigrationSnapshotDirector, status=HEALTHY, issue=null, children={}], RaftPartition-1=HealthReport[componentName=RaftPartition-1, status=HEALTHY, issue=null, children={}]}]
23:57:47.707 WARN  tc.camunda - ? - ZeebePartitionHealth-1 failed, marking it as unhealthy: HealthReport[componentName=ZeebePartitionHealth-1, status=UNHEALTHY, issue=HealthIssue[message=Services not installed, throwable=null, cause=null, since=2026-09-24T18:27:47.701377858Z], children={}]
23:57:47.926 ERROR tc.camunda - ? - Expected to handle request, but an unexpected error occurred
23:57:47.931 ERROR tc.camunda - ? - Expected to handle request, but an unexpected error occurred
23:57:47.932 ERROR tc.camunda - ? - Expected to handle request, but an unexpected error occurred
23:57:48.006 WARN  tc.camunda - ? - Partition-1 failed, marking it as unhealthy: HealthReport[componentName=Partition-1, status=UNHEALTHY, issue=HealthIssue[message=Services not installed, throwable=null, cause=null, since=2026-09-24T18:27:47.989598299Z], children={ZeebePartitionHealth-1=HealthReport[componentName=ZeebePartitionHealth-1, status=UNHEALTHY, issue=HealthIssue[message=Services not installed, throwable=null, cause=null, since=2026-09-24T18:27:47.989598299Z], children={}], RaftPartition-1=HealthReport[componentName=RaftPartition-1, status=HEALTHY, issue=null, children={}]}]
23:57:48.129 WARN  tc.camunda - ? - Partition-1 failed, marking it as unhealthy: HealthReport[componentName=Partition-1, status=UNHEALTHY, issue=HealthIssue[message=Services not installed, throwable=null, cause=null, since=2026-09-24T18:27:47.989598299Z], children={ZeebePartitionHealth-1=HealthReport[componentName=ZeebePartitionHealth-1, status=UNHEALTHY, issue=HealthIssue[message=Services not installed, throwable=null, cause=null, since=2026-09-24T18:27:47.989598299Z], children={}], StreamProcessor-1=HealthReport[componentName=StreamProcessor-1, status=HEALTHY, issue=null, children={}], RaftPartition-1=HealthReport[componentName=RaftPartition-1, status=HEALTHY, issue=null, children={}]}]
23:57:48.139 WARN  tc.camunda - ? - MigrationSnapshotDirector failed, marking it as unhealthy: HealthReport[componentName=MigrationSnapshotDirector, status=UNHEALTHY, issue=HealthIssue[message=Snapshot not taken yet, retryCount=1, will retry in PT0S, throwable=null, cause=null, since=2026-09-24T18:27:48.136211836Z], children={}]
23:57:48.142 WARN  tc.camunda - ? - Partition-1 failed, marking it as unhealthy: HealthReport[componentName=Partition-1, status=UNHEALTHY, issue=HealthIssue[message=Services not installed, throwable=null, cause=null, since=2026-09-24T18:27:47.989598299Z], children={SnapshotDirector-1=HealthReport[componentName=SnapshotDirector-1, status=HEALTHY, issue=null, children={}], ZeebePartitionHealth-1=HealthReport[componentName=ZeebePartitionHealth-1, status=UNHEALTHY, issue=HealthIssue[message=Services not installed, throwable=null, cause=null, since=2026-09-24T18:27:47.989598299Z], children={}], StreamProcessor-1=HealthReport[componentName=StreamProcessor-1, status=HEALTHY, issue=null, children={}], RaftPartition-1=HealthReport[componentName=RaftPartition-1, status=HEALTHY, issue=null, children={}]}]
23:57:48.143 WARN  tc.camunda - ? - Partition-1 failed, marking it as unhealthy: HealthReport[componentName=Partition-1, status=UNHEALTHY, issue=HealthIssue[message=Services not installed, throwable=null, cause=null, since=2026-09-24T18:27:47.989598299Z], children={SnapshotDirector-1=HealthReport[componentName=SnapshotDirector-1, status=HEALTHY, issue=null, children={}], ZeebePartitionHealth-1=HealthReport[componentName=ZeebePartitionHealth-1, status=UNHEALTHY, issue=HealthIssue[message=Services not installed, throwable=null, cause=null, since=2026-09-24T18:27:47.989598299Z], children={}], StreamProcessor-1=HealthReport[componentName=StreamProcessor-1, status=HEALTHY, issue=null, children={}], MigrationSnapshotDirector=HealthReport[componentName=MigrationSnapshotDirector, status=UNHEALTHY, issue=HealthIssue[message=Snapshot not taken yet, retryCount=1, will retry in PT0S, throwable=null, cause=null, since=2026-09-24T18:27:48.136211836Z], children={}], RaftPartition-1=HealthReport[componentName=RaftPartition-1, status=HEALTHY, issue=null, children={}]}]
23:57:48.143 WARN  tc.camunda - ? - Partition-1 failed, marking it as unhealthy: HealthReport[componentName=Partition-1, status=UNHEALTHY, issue=HealthIssue[message=Services not installed, throwable=null, cause=null, since=2026-09-24T18:27:47.989598299Z], children={SnapshotDirector-1=HealthReport[componentName=SnapshotDirector-1, status=HEALTHY, issue=null, children={}], ZeebePartitionHealth-1=HealthReport[componentName=ZeebePartitionHealth-1, status=UNHEALTHY, issue=HealthIssue[message=Services not installed, throwable=null, cause=null, since=2026-09-24T18:27:47.989598299Z], children={}], StreamProcessor-1=HealthReport[componentName=StreamProcessor-1, status=HEALTHY, issue=null, children={}], MigrationSnapshotDirector=HealthReport[componentName=MigrationSnapshotDirector, status=UNHEALTHY, issue=HealthIssue[message=Snapshot not taken yet, retryCount=1, will retry in PT0S, throwable=null, cause=null, since=2026-09-24T18:27:48.136211836Z], children={}], RaftPartition-1=HealthReport[componentName=RaftPartition-1, status=HEALTHY, issue=null, children={}]}]
23:57:48.144 WARN  tc.camunda - ? - Partition-1 failed, marking it as unhealthy: HealthReport[componentName=Partition-1, status=UNHEALTHY, issue=HealthIssue[message=Services not installed, throwable=null, cause=null, since=2026-09-24T18:27:47.989598299Z], children={SnapshotDirector-1=HealthReport[componentName=SnapshotDirector-1, status=HEALTHY, issue=null, children={}], ZeebePartitionHealth-1=HealthReport[componentName=ZeebePartitionHealth-1, status=UNHEALTHY, issue=HealthIssue[message=Services not installed, throwable=null, cause=null, since=2026-09-24T18:27:47.989598299Z], children={}], StreamProcessor-1=HealthReport[componentName=StreamProcessor-1, status=HEALTHY, issue=null, children={}], Exporter-1=HealthReport[componentName=Exporter-1, status=HEALTHY, issue=null, children={}], MigrationSnapshotDirector=HealthReport[componentName=MigrationSnapshotDirector, status=UNHEALTHY, issue=HealthIssue[message=Snapshot not taken yet, retryCount=1, will retry in PT0S, throwable=null, cause=null, since=2026-09-24T18:27:48.136211836Z], children={}], RaftPartition-1=HealthReport[componentName=RaftPartition-1, status=HEALTHY, issue=null, children={}]}]
23:57:48.156 WARN  tc.camunda - ? - Partition-1 failed, marking it as unhealthy: HealthReport[componentName=Partition-1, status=UNHEALTHY, issue=HealthIssue[message=Snapshot not taken yet, retryCount=1, will retry in PT0S, throwable=null, cause=null, since=2026-09-24T18:27:48.136211836Z], children={SnapshotDirector-1=HealthReport[componentName=SnapshotDirector-1, status=HEALTHY, issue=null, children={}], ZeebePartitionHealth-1=HealthReport[componentName=ZeebePartitionHealth-1, status=HEALTHY, issue=null, children={}], StreamProcessor-1=HealthReport[componentName=StreamProcessor-1, status=HEALTHY, issue=null, children={}], Exporter-1=HealthReport[componentName=Exporter-1, status=HEALTHY, issue=null, children={}], MigrationSnapshotDirector=HealthReport[componentName=MigrationSnapshotDirector, status=UNHEALTHY, issue=HealthIssue[message=Snapshot not taken yet, retryCount=1, will retry in PT0S, throwable=null, cause=null, since=2026-09-24T18:27:48.136211836Z], children={}], RaftPartition-1=HealthReport[componentName=RaftPartition-1, status=HEALTHY, issue=null, children={}]}]
]]></system-out>
  </testcase>
  <testcase name="subProcess_bigContextAndSmallContextAgents_eachCallIsPricedAndAccumulated" classname="io.github.camunda.connector.processtest.GovernorProcessTest" time="3.754">
    <system-out><![CDATA[23:57:49.551 WARN  tc.camunda - ? - This Gauge has been already registered (MeterId{name='zeebe.rdbms.exporter.historyCleanup.backoffDuration', tags=[tag(partitionId=1)]}), the registration will be ignored. Note that subsequent logs will be logged at debug level.
23:57:49.590 WARN  tc.camunda - ? - Ignoring invalid headers for task 'Token cost (Quick Answer)'. Must have non-empty key and value.
23:57:49.594 WARN  tc.camunda - ? - Ignoring invalid headers for task 'Token cost (Research Analyst)'. Must have non-empty key and value.
23:57:49.620 WARN  tc.camunda - ? - Ignoring invalid headers for task 'Quick Answer (small context)'. Must have non-empty key and value.
23:57:49.631 WARN  tc.camunda - ? - Ignoring invalid headers for task 'Research Analyst (big context)'. Must have non-empty key and value.
23:57:49.659 WARN  tc.camunda - ? - Ignoring invalid headers for task 'Token cost (Quick Answer)'. Must have non-empty key and value.
23:57:49.665 WARN  tc.camunda - ? - Ignoring invalid headers for task 'Token cost (Research Analyst)'. Must have non-empty key and value.
23:57:49.681 WARN  tc.camunda - ? - Ignoring invalid headers for task 'Quick Answer (small context)'. Must have non-empty key and value.
23:57:49.683 WARN  tc.camunda - ? - Ignoring invalid headers for task 'Research Analyst (big context)'. Must have non-empty key and value.
23:57:51.485 WARN  tc.camunda - ? - ZeebePartitionHealth-1 failed, marking it as unhealthy: HealthReport[componentName=ZeebePartitionHealth-1, status=UNHEALTHY, issue=HealthIssue[message=Services not installed, throwable=null, cause=null, since=2026-09-24T18:27:51.482770264Z], children={}]
23:57:51.487 WARN  tc.camunda - ? - ZeebePartitionHealth-1 failed, marking it as unhealthy: HealthReport[componentName=ZeebePartitionHealth-1, status=UNHEALTHY, issue=HealthIssue[message=Services not installed, throwable=null, cause=null, since=2026-09-24T18:27:51.484797509Z], children={}]
23:57:51.658 ERROR tc.camunda - ? - Expected to handle request, but an unexpected error occurred
23:57:51.661 ERROR tc.camunda - ? - Expected to handle request, but an unexpected error occurred
23:57:51.746 WARN  tc.camunda - ? - Partition-1 failed, marking it as unhealthy: HealthReport[componentName=Partition-1, status=UNHEALTHY, issue=HealthIssue[message=Services not installed, throwable=null, cause=null, since=2026-09-24T18:27:51.740871992Z], children={ZeebePartitionHealth-1=HealthReport[componentName=ZeebePartitionHealth-1, status=UNHEALTHY, issue=HealthIssue[message=Services not installed, throwable=null, cause=null, since=2026-09-24T18:27:51.740871992Z], children={}], RaftPartition-1=HealthReport[componentName=RaftPartition-1, status=HEALTHY, issue=null, children={}]}]
23:57:51.869 WARN  tc.camunda - ? - Partition-1 failed, marking it as unhealthy: HealthReport[componentName=Partition-1, status=UNHEALTHY, issue=HealthIssue[message=Services not installed, throwable=null, cause=null, since=2026-09-24T18:27:51.740871992Z], children={ZeebePartitionHealth-1=HealthReport[componentName=ZeebePartitionHealth-1, status=UNHEALTHY, issue=HealthIssue[message=Services not installed, throwable=null, cause=null, since=2026-09-24T18:27:51.740871992Z], children={}], StreamProcessor-1=HealthReport[componentName=StreamProcessor-1, status=HEALTHY, issue=null, children={}], RaftPartition-1=HealthReport[componentName=RaftPartition-1, status=HEALTHY, issue=null, children={}]}]
23:57:51.872 WARN  tc.camunda - ? - MigrationSnapshotDirector failed, marking it as unhealthy: HealthReport[componentName=MigrationSnapshotDirector, status=UNHEALTHY, issue=HealthIssue[message=Snapshot not taken yet, retryCount=1, will retry in PT0S, throwable=null, cause=null, since=2026-09-24T18:27:51.870039020Z], children={}]
23:57:51.873 WARN  tc.camunda - ? - Partition-1 failed, marking it as unhealthy: HealthReport[componentName=Partition-1, status=UNHEALTHY, issue=HealthIssue[message=Services not installed, throwable=null, cause=null, since=2026-09-24T18:27:51.740871992Z], children={SnapshotDirector-1=HealthReport[componentName=SnapshotDirector-1, status=HEALTHY, issue=null, children={}], ZeebePartitionHealth-1=HealthReport[componentName=ZeebePartitionHealth-1, status=UNHEALTHY, issue=HealthIssue[message=Services not installed, throwable=null, cause=null, since=2026-09-24T18:27:51.740871992Z], children={}], StreamProcessor-1=HealthReport[componentName=StreamProcessor-1, status=HEALTHY, issue=null, children={}], RaftPartition-1=HealthReport[componentName=RaftPartition-1, status=HEALTHY, issue=null, children={}]}]
23:57:51.874 WARN  tc.camunda - ? - Partition-1 failed, marking it as unhealthy: HealthReport[componentName=Partition-1, status=UNHEALTHY, issue=HealthIssue[message=Services not installed, throwable=null, cause=null, since=2026-09-24T18:27:51.740871992Z], children={SnapshotDirector-1=HealthReport[componentName=SnapshotDirector-1, status=HEALTHY, issue=null, children={}], ZeebePartitionHealth-1=HealthReport[componentName=ZeebePartitionHealth-1, status=UNHEALTHY, issue=HealthIssue[message=Services not installed, throwable=null, cause=null, since=2026-09-24T18:27:51.740871992Z], children={}], StreamProcessor-1=HealthReport[componentName=StreamProcessor-1, status=HEALTHY, issue=null, children={}], MigrationSnapshotDirector=HealthReport[componentName=MigrationSnapshotDirector, status=UNHEALTHY, issue=HealthIssue[message=Snapshot not taken yet, retryCount=1, will retry in PT0S, throwable=null, cause=null, since=2026-09-24T18:27:51.870039020Z], children={}], RaftPartition-1=HealthReport[componentName=RaftPartition-1, status=HEALTHY, issue=null, children={}]}]
23:57:51.881 WARN  tc.camunda - ? - Partition-1 failed, marking it as unhealthy: HealthReport[componentName=Partition-1, status=UNHEALTHY, issue=HealthIssue[message=Services not installed, throwable=null, cause=null, since=2026-09-24T18:27:51.740871992Z], children={SnapshotDirector-1=HealthReport[componentName=SnapshotDirector-1, status=HEALTHY, issue=null, children={}], ZeebePartitionHealth-1=HealthReport[componentName=ZeebePartitionHealth-1, status=UNHEALTHY, issue=HealthIssue[message=Services not installed, throwable=null, cause=null, since=2026-09-24T18:27:51.740871992Z], children={}], StreamProcessor-1=HealthReport[componentName=StreamProcessor-1, status=HEALTHY, issue=null, children={}], MigrationSnapshotDirector=HealthReport[componentName=MigrationSnapshotDirector, status=UNHEALTHY, issue=HealthIssue[message=Snapshot not taken yet, retryCount=1, will retry in PT0S, throwable=null, cause=null, since=2026-09-24T18:27:51.870039020Z], children={}], RaftPartition-1=HealthReport[componentName=RaftPartition-1, status=HEALTHY, issue=null, children={}]}]
23:57:51.882 WARN  tc.camunda - ? - Partition-1 failed, marking it as unhealthy: HealthReport[componentName=Partition-1, status=UNHEALTHY, issue=HealthIssue[message=Services not installed, throwable=null, cause=null, since=2026-09-24T18:27:51.740871992Z], children={SnapshotDirector-1=HealthReport[componentName=SnapshotDirector-1, status=HEALTHY, issue=null, children={}], ZeebePartitionHealth-1=HealthReport[componentName=ZeebePartitionHealth-1, status=UNHEALTHY, issue=HealthIssue[message=Services not installed, throwable=null, cause=null, since=2026-09-24T18:27:51.740871992Z], children={}], StreamProcessor-1=HealthReport[componentName=StreamProcessor-1, status=HEALTHY, issue=null, children={}], Exporter-1=HealthReport[componentName=Exporter-1, status=HEALTHY, issue=null, children={}], MigrationSnapshotDirector=HealthReport[componentName=MigrationSnapshotDirector, status=UNHEALTHY, issue=HealthIssue[message=Snapshot not taken yet, retryCount=1, will retry in PT0S, throwable=null, cause=null, since=2026-09-24T18:27:51.870039020Z], children={}], RaftPartition-1=HealthReport[componentName=RaftPartition-1, status=HEALTHY, issue=null, children={}]}]
23:57:51.883 WARN  tc.camunda - ? - Partition-1 failed, marking it as unhealthy: HealthReport[componentName=Partition-1, status=UNHEALTHY, issue=HealthIssue[message=Snapshot not taken yet, retryCount=1, will retry in PT0S, throwable=null, cause=null, since=2026-09-24T18:27:51.870039020Z], children={SnapshotDirector-1=HealthReport[componentName=SnapshotDirector-1, status=HEALTHY, issue=null, children={}], ZeebePartitionHealth-1=HealthReport[componentName=ZeebePartitionHealth-1, status=HEALTHY, issue=null, children={}], StreamProcessor-1=HealthReport[componentName=StreamProcessor-1, status=HEALTHY, issue=null, children={}], Exporter-1=HealthReport[componentName=Exporter-1, status=HEALTHY, issue=null, children={}], MigrationSnapshotDirector=HealthReport[componentName=MigrationSnapshotDirector, status=UNHEALTHY, issue=HealthIssue[message=Snapshot not taken yet, retryCount=1, will retry in PT0S, throwable=null, cause=null, since=2026-09-24T18:27:51.870039020Z], children={}], RaftPartition-1=HealthReport[componentName=RaftPartition-1, status=HEALTHY, issue=null, children={}]}]
]]></system-out>
  </testcase>
  <testcase name="singlePass_completesViaDone" classname="io.github.camunda.connector.processtest.GovernorProcessTest" time="2.918">
    <system-out><![CDATA[23:57:54.666 WARN  tc.camunda - ? - ZeebePartitionHealth-1 failed, marking it as unhealthy: HealthReport[componentName=ZeebePartitionHealth-1, status=UNHEALTHY, issue=HealthIssue[message=Services not installed, throwable=null, cause=null, since=2026-09-24T18:27:54.664437531Z], children={}]
23:57:54.668 WARN  tc.camunda - ? - ZeebePartitionHealth-1 failed, marking it as unhealthy: HealthReport[componentName=ZeebePartitionHealth-1, status=UNHEALTHY, issue=HealthIssue[message=Services not installed, throwable=null, cause=null, since=2026-09-24T18:27:54.665791516Z], children={}]
23:57:54.798 ERROR tc.camunda - ? - Expected to handle request, but an unexpected error occurred
23:57:54.800 ERROR tc.camunda - ? - Expected to handle request, but an unexpected error occurred
23:57:54.861 WARN  tc.camunda - ? - Partition-1 failed, marking it as unhealthy: HealthReport[componentName=Partition-1, status=UNHEALTHY, issue=HealthIssue[message=Services not installed, throwable=null, cause=null, since=2026-09-24T18:27:54.853473770Z], children={ZeebePartitionHealth-1=HealthReport[componentName=ZeebePartitionHealth-1, status=UNHEALTHY, issue=HealthIssue[message=Services not installed, throwable=null, cause=null, since=2026-09-24T18:27:54.853473770Z], children={}], RaftPartition-1=HealthReport[componentName=RaftPartition-1, status=HEALTHY, issue=null, children={}]}]
]]></system-out>
  </testcase>
</testsuite>