<?xml version="1.0" encoding="UTF-8"?>
<testsuite xmlns:xsi="http://www.w3.org/2001/XMLSchema-instance" xsi:noNamespaceSchemaLocation="https://maven.apache.org/surefire/maven-surefire-plugin/xsd/surefire-test-report.xsd" version="3.0.2" name="io.github.camunda.connector.GovernorConnectorTest" time="3.735" tests="6" errors="0" skipped="0" failures="0" flakes="0">
  <properties>
[...]
</properties>
  <testcase name="roundsHalfUpConsistentlyWithPricer" classname="io.github.camunda.connector.GovernorConnectorTest" time="3.446">
    <system-err><![CDATA[SLF4J(W): No SLF4J providers were found.
SLF4J(W): Defaulting to no-operation (NOP) logger implementation
SLF4J(W): See https://www.slf4j.org/codes.html#noProviders for further details.
Sept 23, 2026 12:29:50 AM org.hibernate.validator.internal.util.Version <clinit>
INFO: HV000001: Hibernate Validator 9.1.3.Final
]]></system-err>
  </testcase>
  <testcase name="recordsMetricsOnSuccess" classname="io.github.camunda.connector.GovernorConnectorTest" time="0.057"/>
  <testcase name="computesCostFromClusterSecretTable" classname="io.github.camunda.connector.GovernorConnectorTest" time="0.05"/>
  <testcase name="clusterSecretTableTakesPriorityOverDefaultTable" classname="io.github.camunda.connector.GovernorConnectorTest" time="0.037"/>
  <testcase name="fallsBackToDefaultTableWhenSecretIsBlank" classname="io.github.camunda.connector.GovernorConnectorTest" time="0.041"/>
  <testcase name="throwsPriceNotFoundWhenModelUnknownEverywhere" classname="io.github.camunda.connector.GovernorConnectorTest" time="0.049"/>
</testsuite>