<?xml version="1.0" encoding="UTF-8"?>
<testsuite xmlns:xsi="http://www.w3.org/2001/XMLSchema-instance" xsi:noNamespaceSchemaLocation="https://maven.apache.org/surefire/maven-surefire-plugin/xsd/surefire-test-report.xsd" version="3.0.2" name="io.github.camunda.connector.GovernorConnectorLoggingTest" time="5.033" tests="10" errors="0" skipped="0" failures="0" flakes="0">
  <properties>
[...]
</properties>
  <testcase name="startupLogsDefaultTableSize" classname="io.github.camunda.connector.GovernorConnectorLoggingTest" time="0.353">
    <system-out><![CDATA[23:57:14.893 DEBUG i.g.c.c.pricing.PriceTable - Parsed GOVERNOR_PRICE_TABLE: 0 rows
23:57:14.948 INFO  i.g.c.c.GovernorConnector - Token Cost Reporter loaded, default price table rows=0
23:57:14.962 DEBUG i.g.c.c.pricing.PriceTable - Parsed GOVERNOR_PRICE_TABLE: 1 rows
23:57:14.964 INFO  i.g.c.c.GovernorConnector - Token Cost Reporter loaded, default price table rows=1
]]></system-out>
  </testcase>
  <testcase name="secretNotAvailable_logsErrorWithCreateTheSecretHint" classname="io.github.camunda.connector.GovernorConnectorLoggingTest" time="1.302">
    <system-out><![CDATA[23:57:15.023 DEBUG i.g.c.c.pricing.PriceTable - Parsed GOVERNOR_PRICE_TABLE: 0 rows
23:57:15.024 INFO  i.g.c.c.GovernorConnector - Token Cost Reporter loaded, default price table rows=0
23:57:16.284 ERROR i.g.c.c.GovernorConnector - Token cost execution failed: io.github.camunda.connector.GovernorConnectorLoggingTest$SecretNotAvailableException: Secret with name 'GOVERNOR_PRICE_TABLE' is not available
HINT: A secret this element references is not available to the runtime. Create it in Camunda Console (for GOVERNOR_PRICE_TABLE even as an empty array []), and make sure a runtime you host yourself can read Console secrets: API client with the 'Secrets' scope and CAMUNDA_CONNECTOR_SECRETPROVIDER_CONSOLE_ENABLED=true.
23:57:16.295 DEBUG i.g.c.c.GovernorConnector - Token cost execution failure stack trace
io.github.camunda.connector.GovernorConnectorLoggingTest$SecretNotAvailableException: Secret with name 'GOVERNOR_PRICE_TABLE' is not available
	at io.github.camunda.connector.GovernorConnector.compute(GovernorConnector.java:117)
	at io.github.camunda.connector.GovernorConnector.execute(GovernorConnector.java:74)
	at io.github.camunda.connector.GovernorConnectorLoggingTest.lambda$secretNotAvailable_logsErrorWithCreateTheSecretHint$15(GovernorConnectorLoggingTest.java:204)
	at org.assertj.core.api.ThrowableAssert.catchThrowable(ThrowableAssert.java:63)
	at org.assertj.core.api.AssertionsForClassTypes.catchThrowable(AssertionsForClassTypes.java:905)
	at org.assertj.core.api.Assertions.catchThrowable(Assertions.java:1473)
	at org.assertj.core.api.Assertions.assertThatThrownBy(Assertions.java:1316)
	at io.github.camunda.connector.GovernorConnectorLoggingTest.secretNotAvailable_logsErrorWithCreateTheSecretHint(GovernorConnectorLoggingTest.java:204)
	at java.base/jdk.internal.reflect.DirectMethodHandleAccessor.invoke(DirectMethodHandleAccessor.java:103)
	at java.base/java.lang.reflect.Method.invoke(Method.java:580)
	at org.junit.platform.commons.util.ReflectionUtils.invokeMethod(ReflectionUtils.java:700)
	at org.junit.platform.commons.support.ReflectionSupport.invokeMethod(ReflectionSupport.java:528)
	at org.junit.jupiter.engine.support.MethodReflectionUtils.invoke(MethodReflectionUtils.java:53)
	at org.junit.jupiter.engine.execution.MethodInvocation.proceed(MethodInvocation.java:61)
	at org.junit.jupiter.engine.execution.InvocationInterceptorChain$ValidatingInvocation.proceed(InvocationInterceptorChain.java:124)
	at org.junit.jupiter.engine.extension.TimeoutExtension.intercept(TimeoutExtension.java:163)
	at org.junit.jupiter.engine.extension.TimeoutExtension.interceptTestableMethod(TimeoutExtension.java:148)
	at org.junit.jupiter.engine.extension.TimeoutExtension.interceptTestMethod(TimeoutExtension.java:86)
	at org.junit.jupiter.engine.execution.InterceptingExecutableInvoker$ReflectiveInterceptorCall.lambda$ofVoidMethod$0(InterceptingExecutableInvoker.java:124)
	at org.junit.jupiter.engine.execution.InterceptingExecutableInvoker.lambda$invoke$0(InterceptingExecutableInvoker.java:105)
	at org.junit.jupiter.engine.execution.InvocationInterceptorChain$InterceptedInvocation.proceed(InvocationInterceptorChain.java:99)
	at org.junit.jupiter.engine.execution.InvocationInterceptorChain.proceed(InvocationInterceptorChain.java:66)
	at org.junit.jupiter.engine.execution.InvocationInterceptorChain.chainAndInvoke(InvocationInterceptorChain.java:47)
	at org.junit.jupiter.engine.execution.InvocationInterceptorChain.invoke(InvocationInterceptorChain.java:39)
	at org.junit.jupiter.engine.execution.InterceptingExecutableInvoker.invoke(InterceptingExecutableInvoker.java:104)
	at org.junit.jupiter.engine.execution.InterceptingExecutableInvoker.invoke(InterceptingExecutableInvoker.java:98)
	at org.junit.jupiter.engine.execution.InterceptingExecutableInvoker.invokeVoid(InterceptingExecutableInvoker.java:71)
	at org.junit.jupiter.engine.descriptor.TestMethodTestDescriptor.lambda$invokeTestMethod$0(TestMethodTestDescriptor.java:219)
	at org.junit.platform.engine.support.hierarchical.ThrowableCollector.execute(ThrowableCollector.java:74)
	at org.junit.jupiter.engine.descriptor.TestMethodTestDescriptor.invokeTestMethod(TestMethodTestDescriptor.java:215)
	at org.junit.jupiter.engine.descriptor.TestMethodTestDescriptor.execute(TestMethodTestDescriptor.java:157)
	at org.junit.jupiter.engine.descriptor.TestMethodTestDescriptor.execute(TestMethodTestDescriptor.java:70)
	at org.junit.platform.engine.support.hierarchical.NodeTestTask.lambda$executeRecursively$2(NodeTestTask.java:176)
	at org.junit.platform.engine.support.hierarchical.ThrowableCollector.execute(ThrowableCollector.java:74)
	at org.junit.platform.engine.support.hierarchical.NodeTestTask.lambda$executeRecursively$1(NodeTestTask.java:166)
	at org.junit.platform.engine.support.hierarchical.Node.around(Node.java:139)
	at org.junit.platform.engine.support.hierarchical.NodeTestTask.lambda$executeRecursively$0(NodeTestTask.java:164)
	at org.junit.platform.engine.support.hierarchical.ThrowableCollector.execute(ThrowableCollector.java:74)
	at org.junit.platform.engine.support.hierarchical.NodeTestTask.executeRecursively(NodeTestTask.java:163)
	at org.junit.platform.engine.support.hierarchical.NodeTestTask.execute(NodeTestTask.java:116)
	at java.base/java.util.ArrayList.forEach(ArrayList.java:1596)
	at org.junit.platform.engine.support.hierarchical.SameThreadHierarchicalTestExecutorService.invokeAll(SameThreadHierarchicalTestExecutorService.java:42)
	at org.junit.platform.engine.support.hierarchical.NodeTestTask.lambda$executeRecursively$2(NodeTestTask.java:180)
	at org.junit.platform.engine.support.hierarchical.ThrowableCollector.execute(ThrowableCollector.java:74)
	at org.junit.platform.engine.support.hierarchical.NodeTestTask.lambda$executeRecursively$1(NodeTestTask.java:166)
	at org.junit.platform.engine.support.hierarchical.Node.around(Node.java:139)
	at org.junit.platform.engine.support.hierarchical.NodeTestTask.lambda$executeRecursively$0(NodeTestTask.java:164)
	at org.junit.platform.engine.support.hierarchical.ThrowableCollector.execute(ThrowableCollector.java:74)
	at org.junit.platform.engine.support.hierarchical.NodeTestTask.executeRecursively(NodeTestTask.java:163)
	at org.junit.platform.engine.support.hierarchical.NodeTestTask.execute(NodeTestTask.java:116)
	at java.base/java.util.ArrayList.forEach(ArrayList.java:1596)
	at org.junit.platform.engine.support.hierarchical.SameThreadHierarchicalTestExecutorService.invokeAll(SameThreadHierarchicalTestExecutorService.java:42)
	at org.junit.platform.engine.support.hierarchical.NodeTestTask.lambda$executeRecursively$2(NodeTestTask.java:180)
	at org.junit.platform.engine.support.hierarchical.ThrowableCollector.execute(ThrowableCollector.java:74)
	at org.junit.platform.engine.support.hierarchical.NodeTestTask.lambda$executeRecursively$1(NodeTestTask.java:166)
	at org.junit.platform.engine.support.hierarchical.Node.around(Node.java:139)
	at org.junit.platform.engine.support.hierarchical.NodeTestTask.lambda$executeRecursively$0(NodeTestTask.java:164)
	at org.junit.platform.engine.support.hierarchical.ThrowableCollector.execute(ThrowableCollector.java:74)
	at org.junit.platform.engine.support.hierarchical.NodeTestTask.executeRecursively(NodeTestTask.java:163)
	at org.junit.platform.engine.support.hierarchical.NodeTestTask.execute(NodeTestTask.java:116)
	at org.junit.platform.engine.support.hierarchical.SameThreadHierarchicalTestExecutorService.submit(SameThreadHierarchicalTestExecutorService.java:36)
	at org.junit.platform.engine.support.hierarchical.HierarchicalTestExecutor.execute(HierarchicalTestExecutor.java:52)
	at org.junit.platform.engine.support.hierarchical.HierarchicalTestEngine.execute(HierarchicalTestEngine.java:58)
	at org.junit.platform.launcher.core.EngineExecutionOrchestrator.executeEngine(EngineExecutionOrchestrator.java:256)
	at org.junit.platform.launcher.core.EngineExecutionOrchestrator.failOrExecuteEngine(EngineExecutionOrchestrator.java:228)
	at org.junit.platform.launcher.core.EngineExecutionOrchestrator.execute(EngineExecutionOrchestrator.java:189)
	at org.junit.platform.launcher.core.EngineExecutionOrchestrator.execute(EngineExecutionOrchestrator.java:109)
	at org.junit.platform.launcher.core.EngineExecutionOrchestrator.lambda$execute$0(EngineExecutionOrchestrator.java:66)
	at org.junit.platform.launcher.core.EngineExecutionOrchestrator.withInterceptedStreams(EngineExecutionOrchestrator.java:168)
	at org.junit.platform.launcher.core.EngineExecutionOrchestrator.execute(EngineExecutionOrchestrator.java:65)
	at org.junit.platform.launcher.core.DefaultLauncher.execute(DefaultLauncher.java:137)
	at org.junit.platform.launcher.core.DefaultLauncher.execute(DefaultLauncher.java:126)
	at org.junit.platform.launcher.core.DelegatingLauncher.execute(DelegatingLauncher.java:71)
	at org.junit.platform.launcher.core.InterceptingLauncher.lambda$execute$2(InterceptingLauncher.java:66)
	at org.junit.platform.launcher.core.ClasspathAlignmentCheckingLauncherInterceptor.intercept(ClasspathAlignmentCheckingLauncherInterceptor.java:25)
	at org.junit.platform.launcher.core.InterceptingLauncher.execute(InterceptingLauncher.java:65)
	at org.junit.platform.launcher.core.DelegatingLauncher.execute(DelegatingLauncher.java:71)
	at java.base/jdk.internal.reflect.DirectMethodHandleAccessor.invoke(DirectMethodHandleAccessor.java:103)
	at java.base/java.lang.reflect.Method.invoke(Method.java:580)
	at org.apache.maven.surefire.api.util.ReflectionUtils.invokeMethodWithArray(ReflectionUtils.java:125)
	at org.apache.maven.surefire.junitplatform.LauncherAdapter.executeWithCancellationToken(LauncherAdapter.java:68)
	at org.apache.maven.surefire.junitplatform.LauncherAdapter.execute(LauncherAdapter.java:54)
	at org.apache.maven.surefire.junitplatform.JUnitPlatformProvider.execute(JUnitPlatformProvider.java:283)
	at org.apache.maven.surefire.junitplatform.JUnitPlatformProvider.invokeAllTests(JUnitPlatformProvider.java:253)
	at org.apache.maven.surefire.junitplatform.JUnitPlatformProvider.invoke(JUnitPlatformProvider.java:221)
	at org.apache.maven.surefire.booter.ForkedBooter.runSuitesInProcess(ForkedBooter.java:394)
	at org.apache.maven.surefire.booter.ForkedBooter.execute(ForkedBooter.java:181)
	at org.apache.maven.surefire.booter.ForkedBooter.run(ForkedBooter.java:530)
	at org.apache.maven.surefire.booter.ForkedBooter.main(ForkedBooter.java:518)
]]></system-out>
    <system-err><![CDATA[Mockito is currently self-attaching to enable the inline-mock-maker. This will no longer work in future releases of the JDK. Please add Mockito as an agent to your build as described in Mockito's documentation: https://javadoc.io/doc/org.mockito/mockito-core/latest/org.mockito/org/mockito/Mockito.html#0.3
WARNING: A Java agent has been loaded dynamically (C:\Users\newsa\.m2\repository\net\bytebuddy\byte-buddy-agent\1.17.7\byte-buddy-agent-1.17.7.jar)
WARNING: If a serviceability tool is in use, please run with -XX:+EnableDynamicAgentLoading to hide this warning
WARNING: If a serviceability tool is not in use, please run with -Djdk.instrument.traceUsage for more information
WARNING: Dynamic loading of agents will be disallowed by default in a future release
]]></system-err>
  </testcase>
  <testcase name="blankSecret_isNotAWarning" classname="io.github.camunda.connector.GovernorConnectorLoggingTest" time="2.727">
    <system-out><![CDATA[23:57:16.335 DEBUG i.g.c.c.pricing.PriceTable - Parsed GOVERNOR_PRICE_TABLE: 0 rows
23:57:16.337 INFO  i.g.c.c.GovernorConnector - Token Cost Reporter loaded, default price table rows=0
23:57:16.338 DEBUG i.g.c.c.pricing.PriceTable - Parsed GOVERNOR_PRICE_TABLE: 1 rows
23:57:16.340 INFO  i.g.c.c.GovernorConnector - Token Cost Reporter loaded, default price table rows=1
23:57:19.012 DEBUG i.g.c.c.GovernorConnector - Request: provider=anthropic model=claude-sonnet-5 agent='claims-triage' inputTokens=1000 outputTokens=1000 priceTableSecret=blank
23:57:19.014 DEBUG i.g.c.c.pricing.PriceTable - GOVERNOR_PRICE_TABLE is blank - using the bundled default table
23:57:19.020 DEBUG i.g.c.c.GovernorConnector - Price found in DEFAULT_TABLE: inputPer1kMicros=3000 outputPer1kMicros=15000 currency=USD
23:57:19.027 DEBUG i.g.c.c.m.TokenCostMetrics - Recording governor_* counters on a non-composite registry: SimpleMeterRegistry
23:57:19.055 DEBUG i.g.c.c.m.TokenCostMetrics - Recorded governor_* counters: provider=anthropic model=claude-sonnet-5 agent=claims-triage +calls=1 +inputTokens=1000 +outputTokens=1000 +costUsd=0.018
23:57:19.055 INFO  i.g.c.c.GovernorConnector - Token cost: provider=anthropic model=claude-sonnet-5 agent=claims-triage inputTokens=1000 outputTokens=1000 totalTokens=2000 costMicros=18000 costUsd=0.018000 priceSource=DEFAULT_TABLE elapsedMs=261
]]></system-out>
  </testcase>
  <testcase name="consoleSecretAuthFailure_logsErrorWithSecretsScopeHint_andRethrowsUnchanged" classname="io.github.camunda.connector.GovernorConnectorLoggingTest" time="0.01">
    <system-out><![CDATA[23:57:19.059 DEBUG i.g.c.c.pricing.PriceTable - Parsed GOVERNOR_PRICE_TABLE: 0 rows
23:57:19.059 INFO  i.g.c.c.GovernorConnector - Token Cost Reporter loaded, default price table rows=0
23:57:19.059 ERROR i.g.c.c.GovernorConnector - Token cost execution failed: java.lang.RuntimeException: outer wrapper
HINT: The runtime could not authenticate to Camunda Console to read cluster secrets (token request for audience secrets.camunda.io was refused). The API client behind CAMUNDA_CLIENT_ID/CAMUNDA_CLIENT_SECRET most likely lacks the 'Secrets' scope, or its credentials are wrong. Create a client with the Secrets scope in Camunda Console, or stop using Console secrets by unsetting CAMUNDA_CONNECTOR_SECRETPROVIDER_CONSOLE_ENABLED and providing GOVERNOR_PRICE_TABLE as an environment variable.
23:57:19.059 DEBUG i.g.c.c.GovernorConnector - Token cost execution failure stack trace
java.lang.RuntimeException: outer wrapper
	at io.github.camunda.connector.GovernorConnector.compute(GovernorConnector.java:117)
	at io.github.camunda.connector.GovernorConnector.execute(GovernorConnector.java:74)
	at io.github.camunda.connector.GovernorConnectorLoggingTest.lambda$consoleSecretAuthFailure_logsErrorWithSecretsScopeHint_andRethrowsUnchanged$13(GovernorConnectorLoggingTest.java:193)
	at org.assertj.core.api.ThrowableAssert.catchThrowable(ThrowableAssert.java:63)
	at org.assertj.core.api.AssertionsForClassTypes.catchThrowable(AssertionsForClassTypes.java:905)
	at org.assertj.core.api.Assertions.catchThrowable(Assertions.java:1473)
	at org.assertj.core.api.Assertions.assertThatThrownBy(Assertions.java:1316)
	at io.github.camunda.connector.GovernorConnectorLoggingTest.consoleSecretAuthFailure_logsErrorWithSecretsScopeHint_andRethrowsUnchanged(GovernorConnectorLoggingTest.java:193)
	at java.base/jdk.internal.reflect.DirectMethodHandleAccessor.invoke(DirectMethodHandleAccessor.java:103)
	at java.base/java.lang.reflect.Method.invoke(Method.java:580)
	at org.junit.platform.commons.util.ReflectionUtils.invokeMethod(ReflectionUtils.java:700)
	at org.junit.platform.commons.support.ReflectionSupport.invokeMethod(ReflectionSupport.java:528)
	at org.junit.jupiter.engine.support.MethodReflectionUtils.invoke(MethodReflectionUtils.java:53)
	at org.junit.jupiter.engine.execution.MethodInvocation.proceed(MethodInvocation.java:61)
	at org.junit.jupiter.engine.execution.InvocationInterceptorChain$ValidatingInvocation.proceed(InvocationInterceptorChain.java:124)
	at org.junit.jupiter.engine.extension.TimeoutExtension.intercept(TimeoutExtension.java:163)
	at org.junit.jupiter.engine.extension.TimeoutExtension.interceptTestableMethod(TimeoutExtension.java:148)
	at org.junit.jupiter.engine.extension.TimeoutExtension.interceptTestMethod(TimeoutExtension.java:86)
	at org.junit.jupiter.engine.execution.InterceptingExecutableInvoker$ReflectiveInterceptorCall.lambda$ofVoidMethod$0(InterceptingExecutableInvoker.java:124)
	at org.junit.jupiter.engine.execution.InterceptingExecutableInvoker.lambda$invoke$0(InterceptingExecutableInvoker.java:105)
	at org.junit.jupiter.engine.execution.InvocationInterceptorChain$InterceptedInvocation.proceed(InvocationInterceptorChain.java:99)
	at org.junit.jupiter.engine.execution.InvocationInterceptorChain.proceed(InvocationInterceptorChain.java:66)
	at org.junit.jupiter.engine.execution.InvocationInterceptorChain.chainAndInvoke(InvocationInterceptorChain.java:47)
	at org.junit.jupiter.engine.execution.InvocationInterceptorChain.invoke(InvocationInterceptorChain.java:39)
	at org.junit.jupiter.engine.execution.InterceptingExecutableInvoker.invoke(InterceptingExecutableInvoker.java:104)
	at org.junit.jupiter.engine.execution.InterceptingExecutableInvoker.invoke(InterceptingExecutableInvoker.java:98)
	at org.junit.jupiter.engine.execution.InterceptingExecutableInvoker.invokeVoid(InterceptingExecutableInvoker.java:71)
	at org.junit.jupiter.engine.descriptor.TestMethodTestDescriptor.lambda$invokeTestMethod$0(TestMethodTestDescriptor.java:219)
	at org.junit.platform.engine.support.hierarchical.ThrowableCollector.execute(ThrowableCollector.java:74)
	at org.junit.jupiter.engine.descriptor.TestMethodTestDescriptor.invokeTestMethod(TestMethodTestDescriptor.java:215)
	at org.junit.jupiter.engine.descriptor.TestMethodTestDescriptor.execute(TestMethodTestDescriptor.java:157)
	at org.junit.jupiter.engine.descriptor.TestMethodTestDescriptor.execute(TestMethodTestDescriptor.java:70)
	at org.junit.platform.engine.support.hierarchical.NodeTestTask.lambda$executeRecursively$2(NodeTestTask.java:176)
	at org.junit.platform.engine.support.hierarchical.ThrowableCollector.execute(ThrowableCollector.java:74)
	at org.junit.platform.engine.support.hierarchical.NodeTestTask.lambda$executeRecursively$1(NodeTestTask.java:166)
	at org.junit.platform.engine.support.hierarchical.Node.around(Node.java:139)
	at org.junit.platform.engine.support.hierarchical.NodeTestTask.lambda$executeRecursively$0(NodeTestTask.java:164)
	at org.junit.platform.engine.support.hierarchical.ThrowableCollector.execute(ThrowableCollector.java:74)
	at org.junit.platform.engine.support.hierarchical.NodeTestTask.executeRecursively(NodeTestTask.java:163)
	at org.junit.platform.engine.support.hierarchical.NodeTestTask.execute(NodeTestTask.java:116)
	at java.base/java.util.ArrayList.forEach(ArrayList.java:1596)
	at org.junit.platform.engine.support.hierarchical.SameThreadHierarchicalTestExecutorService.invokeAll(SameThreadHierarchicalTestExecutorService.java:42)
	at org.junit.platform.engine.support.hierarchical.NodeTestTask.lambda$executeRecursively$2(NodeTestTask.java:180)
	at org.junit.platform.engine.support.hierarchical.ThrowableCollector.execute(ThrowableCollector.java:74)
	at org.junit.platform.engine.support.hierarchical.NodeTestTask.lambda$executeRecursively$1(NodeTestTask.java:166)
	at org.junit.platform.engine.support.hierarchical.Node.around(Node.java:139)
	at org.junit.platform.engine.support.hierarchical.NodeTestTask.lambda$executeRecursively$0(NodeTestTask.java:164)
	at org.junit.platform.engine.support.hierarchical.ThrowableCollector.execute(ThrowableCollector.java:74)
	at org.junit.platform.engine.support.hierarchical.NodeTestTask.executeRecursively(NodeTestTask.java:163)
	at org.junit.platform.engine.support.hierarchical.NodeTestTask.execute(NodeTestTask.java:116)
	at java.base/java.util.ArrayList.forEach(ArrayList.java:1596)
	at org.junit.platform.engine.support.hierarchical.SameThreadHierarchicalTestExecutorService.invokeAll(SameThreadHierarchicalTestExecutorService.java:42)
	at org.junit.platform.engine.support.hierarchical.NodeTestTask.lambda$executeRecursively$2(NodeTestTask.java:180)
	at org.junit.platform.engine.support.hierarchical.ThrowableCollector.execute(ThrowableCollector.java:74)
	at org.junit.platform.engine.support.hierarchical.NodeTestTask.lambda$executeRecursively$1(NodeTestTask.java:166)
	at org.junit.platform.engine.support.hierarchical.Node.around(Node.java:139)
	at org.junit.platform.engine.support.hierarchical.NodeTestTask.lambda$executeRecursively$0(NodeTestTask.java:164)
	at org.junit.platform.engine.support.hierarchical.ThrowableCollector.execute(ThrowableCollector.java:74)
	at org.junit.platform.engine.support.hierarchical.NodeTestTask.executeRecursively(NodeTestTask.java:163)
	at org.junit.platform.engine.support.hierarchical.NodeTestTask.execute(NodeTestTask.java:116)
	at org.junit.platform.engine.support.hierarchical.SameThreadHierarchicalTestExecutorService.submit(SameThreadHierarchicalTestExecutorService.java:36)
	at org.junit.platform.engine.support.hierarchical.HierarchicalTestExecutor.execute(HierarchicalTestExecutor.java:52)
	at org.junit.platform.engine.support.hierarchical.HierarchicalTestEngine.execute(HierarchicalTestEngine.java:58)
	at org.junit.platform.launcher.core.EngineExecutionOrchestrator.executeEngine(EngineExecutionOrchestrator.java:256)
	at org.junit.platform.launcher.core.EngineExecutionOrchestrator.failOrExecuteEngine(EngineExecutionOrchestrator.java:228)
	at org.junit.platform.launcher.core.EngineExecutionOrchestrator.execute(EngineExecutionOrchestrator.java:189)
	at org.junit.platform.launcher.core.EngineExecutionOrchestrator.execute(EngineExecutionOrchestrator.java:109)
	at org.junit.platform.launcher.core.EngineExecutionOrchestrator.lambda$execute$0(EngineExecutionOrchestrator.java:66)
	at org.junit.platform.launcher.core.EngineExecutionOrchestrator.withInterceptedStreams(EngineExecutionOrchestrator.java:168)
	at org.junit.platform.launcher.core.EngineExecutionOrchestrator.execute(EngineExecutionOrchestrator.java:65)
	at org.junit.platform.launcher.core.DefaultLauncher.execute(DefaultLauncher.java:137)
	at org.junit.platform.launcher.core.DefaultLauncher.execute(DefaultLauncher.java:126)
	at org.junit.platform.launcher.core.DelegatingLauncher.execute(DelegatingLauncher.java:71)
	at org.junit.platform.launcher.core.InterceptingLauncher.lambda$execute$2(InterceptingLauncher.java:66)
	at org.junit.platform.launcher.core.ClasspathAlignmentCheckingLauncherInterceptor.intercept(ClasspathAlignmentCheckingLauncherInterceptor.java:25)
	at org.junit.platform.launcher.core.InterceptingLauncher.execute(InterceptingLauncher.java:65)
	at org.junit.platform.launcher.core.DelegatingLauncher.execute(DelegatingLauncher.java:71)
	at java.base/jdk.internal.reflect.DirectMethodHandleAccessor.invoke(DirectMethodHandleAccessor.java:103)
	at java.base/java.lang.reflect.Method.invoke(Method.java:580)
	at org.apache.maven.surefire.api.util.ReflectionUtils.invokeMethodWithArray(ReflectionUtils.java:125)
	at org.apache.maven.surefire.junitplatform.LauncherAdapter.executeWithCancellationToken(LauncherAdapter.java:68)
	at org.apache.maven.surefire.junitplatform.LauncherAdapter.execute(LauncherAdapter.java:54)
	at org.apache.maven.surefire.junitplatform.JUnitPlatformProvider.execute(JUnitPlatformProvider.java:283)
	at org.apache.maven.surefire.junitplatform.JUnitPlatformProvider.invokeAllTests(JUnitPlatformProvider.java:253)
	at org.apache.maven.surefire.junitplatform.JUnitPlatformProvider.invoke(JUnitPlatformProvider.java:221)
	at org.apache.maven.surefire.booter.ForkedBooter.runSuitesInProcess(ForkedBooter.java:394)
	at org.apache.maven.surefire.booter.ForkedBooter.execute(ForkedBooter.java:181)
	at org.apache.maven.surefire.booter.ForkedBooter.run(ForkedBooter.java:530)
	at org.apache.maven.surefire.booter.ForkedBooter.main(ForkedBooter.java:518)
Caused by: java.lang.RuntimeException: Token retrieval failed from: https://login.cloud.camunda.io/oauth/token
Response code: 401
Audience: secrets.camunda.io
	at io.github.camunda.connector.GovernorConnectorLoggingTest.consoleSecretAuthFailure_logsErrorWithSecretsScopeHint_andRethrowsUnchanged(GovernorConnectorLoggingTest.java:188)
	... 81 common frames omitted
]]></system-out>
  </testcase>
  <testcase name="debug_explainsThePriceDecisionWithoutEchoingTheSecret" classname="io.github.camunda.connector.GovernorConnectorLoggingTest" time="0.062">
    <system-out><![CDATA[23:57:19.075 DEBUG i.g.c.c.pricing.PriceTable - Parsed GOVERNOR_PRICE_TABLE: 0 rows
23:57:19.075 INFO  i.g.c.c.GovernorConnector - Token Cost Reporter loaded, default price table rows=0
23:57:19.126 DEBUG i.g.c.c.GovernorConnector - Request: provider=anthropic model=claude-sonnet-5 agent='claims-triage' inputTokens=1000 outputTokens=1000 priceTableSecret=133 chars
23:57:19.127 DEBUG i.g.c.c.pricing.PriceTable - Parsed GOVERNOR_PRICE_TABLE: 1 rows
23:57:19.127 DEBUG i.g.c.c.GovernorConnector - Price found in CLUSTER_SECRET: inputPer1kMicros=3000 outputPer1kMicros=15000 currency=USD
23:57:19.127 DEBUG i.g.c.c.m.TokenCostMetrics - Recording governor_* counters on a non-composite registry: SimpleMeterRegistry
23:57:19.127 DEBUG i.g.c.c.m.TokenCostMetrics - Recorded governor_* counters: provider=anthropic model=claude-sonnet-5 agent=claims-triage +calls=1 +inputTokens=1000 +outputTokens=1000 +costUsd=0.018
23:57:19.127 INFO  i.g.c.c.GovernorConnector - Token cost: provider=anthropic model=claude-sonnet-5 agent=claims-triage inputTokens=1000 outputTokens=1000 totalTokens=2000 costMicros=18000 costUsd=0.018000 priceSource=CLUSTER_SECRET elapsedMs=24
]]></system-out>
  </testcase>
  <testcase name="unrecognisedFailure_logsErrorWithoutAHint_andRethrowsUnchanged" classname="io.github.camunda.connector.GovernorConnectorLoggingTest" time="0.002">
    <system-out><![CDATA[23:57:19.136 DEBUG i.g.c.c.pricing.PriceTable - Parsed GOVERNOR_PRICE_TABLE: 0 rows
23:57:19.138 INFO  i.g.c.c.GovernorConnector - Token Cost Reporter loaded, default price table rows=0
23:57:19.138 ERROR i.g.c.c.GovernorConnector - Token cost execution failed: java.lang.IllegalStateException: something else entirely
23:57:19.138 DEBUG i.g.c.c.GovernorConnector - Token cost execution failure stack trace
java.lang.IllegalStateException: something else entirely
	at io.github.camunda.connector.GovernorConnector.compute(GovernorConnector.java:117)
	at io.github.camunda.connector.GovernorConnector.execute(GovernorConnector.java:74)
	at io.github.camunda.connector.GovernorConnectorLoggingTest.lambda$unrecognisedFailure_logsErrorWithoutAHint_andRethrowsUnchanged$17(GovernorConnectorLoggingTest.java:215)
	at org.assertj.core.api.ThrowableAssert.catchThrowable(ThrowableAssert.java:63)
	at org.assertj.core.api.AssertionsForClassTypes.catchThrowable(AssertionsForClassTypes.java:905)
	at org.assertj.core.api.Assertions.catchThrowable(Assertions.java:1473)
	at org.assertj.core.api.Assertions.assertThatThrownBy(Assertions.java:1316)
	at io.github.camunda.connector.GovernorConnectorLoggingTest.unrecognisedFailure_logsErrorWithoutAHint_andRethrowsUnchanged(GovernorConnectorLoggingTest.java:215)
	at java.base/jdk.internal.reflect.DirectMethodHandleAccessor.invoke(DirectMethodHandleAccessor.java:103)
	at java.base/java.lang.reflect.Method.invoke(Method.java:580)
	at org.junit.platform.commons.util.ReflectionUtils.invokeMethod(ReflectionUtils.java:700)
	at org.junit.platform.commons.support.ReflectionSupport.invokeMethod(ReflectionSupport.java:528)
	at org.junit.jupiter.engine.support.MethodReflectionUtils.invoke(MethodReflectionUtils.java:53)
	at org.junit.jupiter.engine.execution.MethodInvocation.proceed(MethodInvocation.java:61)
	at org.junit.jupiter.engine.execution.InvocationInterceptorChain$ValidatingInvocation.proceed(InvocationInterceptorChain.java:124)
	at org.junit.jupiter.engine.extension.TimeoutExtension.intercept(TimeoutExtension.java:163)
	at org.junit.jupiter.engine.extension.TimeoutExtension.interceptTestableMethod(TimeoutExtension.java:148)
	at org.junit.jupiter.engine.extension.TimeoutExtension.interceptTestMethod(TimeoutExtension.java:86)
	at org.junit.jupiter.engine.execution.InterceptingExecutableInvoker$ReflectiveInterceptorCall.lambda$ofVoidMethod$0(InterceptingExecutableInvoker.java:124)
	at org.junit.jupiter.engine.execution.InterceptingExecutableInvoker.lambda$invoke$0(InterceptingExecutableInvoker.java:105)
	at org.junit.jupiter.engine.execution.InvocationInterceptorChain$InterceptedInvocation.proceed(InvocationInterceptorChain.java:99)
	at org.junit.jupiter.engine.execution.InvocationInterceptorChain.proceed(InvocationInterceptorChain.java:66)
	at org.junit.jupiter.engine.execution.InvocationInterceptorChain.chainAndInvoke(InvocationInterceptorChain.java:47)
	at org.junit.jupiter.engine.execution.InvocationInterceptorChain.invoke(InvocationInterceptorChain.java:39)
	at org.junit.jupiter.engine.execution.InterceptingExecutableInvoker.invoke(InterceptingExecutableInvoker.java:104)
	at org.junit.jupiter.engine.execution.InterceptingExecutableInvoker.invoke(InterceptingExecutableInvoker.java:98)
	at org.junit.jupiter.engine.execution.InterceptingExecutableInvoker.invokeVoid(InterceptingExecutableInvoker.java:71)
	at org.junit.jupiter.engine.descriptor.TestMethodTestDescriptor.lambda$invokeTestMethod$0(TestMethodTestDescriptor.java:219)
	at org.junit.platform.engine.support.hierarchical.ThrowableCollector.execute(ThrowableCollector.java:74)
	at org.junit.jupiter.engine.descriptor.TestMethodTestDescriptor.invokeTestMethod(TestMethodTestDescriptor.java:215)
	at org.junit.jupiter.engine.descriptor.TestMethodTestDescriptor.execute(TestMethodTestDescriptor.java:157)
	at org.junit.jupiter.engine.descriptor.TestMethodTestDescriptor.execute(TestMethodTestDescriptor.java:70)
	at org.junit.platform.engine.support.hierarchical.NodeTestTask.lambda$executeRecursively$2(NodeTestTask.java:176)
	at org.junit.platform.engine.support.hierarchical.ThrowableCollector.execute(ThrowableCollector.java:74)
	at org.junit.platform.engine.support.hierarchical.NodeTestTask.lambda$executeRecursively$1(NodeTestTask.java:166)
	at org.junit.platform.engine.support.hierarchical.Node.around(Node.java:139)
	at org.junit.platform.engine.support.hierarchical.NodeTestTask.lambda$executeRecursively$0(NodeTestTask.java:164)
	at org.junit.platform.engine.support.hierarchical.ThrowableCollector.execute(ThrowableCollector.java:74)
	at org.junit.platform.engine.support.hierarchical.NodeTestTask.executeRecursively(NodeTestTask.java:163)
	at org.junit.platform.engine.support.hierarchical.NodeTestTask.execute(NodeTestTask.java:116)
	at java.base/java.util.ArrayList.forEach(ArrayList.java:1596)
	at org.junit.platform.engine.support.hierarchical.SameThreadHierarchicalTestExecutorService.invokeAll(SameThreadHierarchicalTestExecutorService.java:42)
	at org.junit.platform.engine.support.hierarchical.NodeTestTask.lambda$executeRecursively$2(NodeTestTask.java:180)
	at org.junit.platform.engine.support.hierarchical.ThrowableCollector.execute(ThrowableCollector.java:74)
	at org.junit.platform.engine.support.hierarchical.NodeTestTask.lambda$executeRecursively$1(NodeTestTask.java:166)
	at org.junit.platform.engine.support.hierarchical.Node.around(Node.java:139)
	at org.junit.platform.engine.support.hierarchical.NodeTestTask.lambda$executeRecursively$0(NodeTestTask.java:164)
	at org.junit.platform.engine.support.hierarchical.ThrowableCollector.execute(ThrowableCollector.java:74)
	at org.junit.platform.engine.support.hierarchical.NodeTestTask.executeRecursively(NodeTestTask.java:163)
	at org.junit.platform.engine.support.hierarchical.NodeTestTask.execute(NodeTestTask.java:116)
	at java.base/java.util.ArrayList.forEach(ArrayList.java:1596)
	at org.junit.platform.engine.support.hierarchical.SameThreadHierarchicalTestExecutorService.invokeAll(SameThreadHierarchicalTestExecutorService.java:42)
	at org.junit.platform.engine.support.hierarchical.NodeTestTask.lambda$executeRecursively$2(NodeTestTask.java:180)
	at org.junit.platform.engine.support.hierarchical.ThrowableCollector.execute(ThrowableCollector.java:74)
	at org.junit.platform.engine.support.hierarchical.NodeTestTask.lambda$executeRecursively$1(NodeTestTask.java:166)
	at org.junit.platform.engine.support.hierarchical.Node.around(Node.java:139)
	at org.junit.platform.engine.support.hierarchical.NodeTestTask.lambda$executeRecursively$0(NodeTestTask.java:164)
	at org.junit.platform.engine.support.hierarchical.ThrowableCollector.execute(ThrowableCollector.java:74)
	at org.junit.platform.engine.support.hierarchical.NodeTestTask.executeRecursively(NodeTestTask.java:163)
	at org.junit.platform.engine.support.hierarchical.NodeTestTask.execute(NodeTestTask.java:116)
	at org.junit.platform.engine.support.hierarchical.SameThreadHierarchicalTestExecutorService.submit(SameThreadHierarchicalTestExecutorService.java:36)
	at org.junit.platform.engine.support.hierarchical.HierarchicalTestExecutor.execute(HierarchicalTestExecutor.java:52)
	at org.junit.platform.engine.support.hierarchical.HierarchicalTestEngine.execute(HierarchicalTestEngine.java:58)
	at org.junit.platform.launcher.core.EngineExecutionOrchestrator.executeEngine(EngineExecutionOrchestrator.java:256)
	at org.junit.platform.launcher.core.EngineExecutionOrchestrator.failOrExecuteEngine(EngineExecutionOrchestrator.java:228)
	at org.junit.platform.launcher.core.EngineExecutionOrchestrator.execute(EngineExecutionOrchestrator.java:189)
	at org.junit.platform.launcher.core.EngineExecutionOrchestrator.execute(EngineExecutionOrchestrator.java:109)
	at org.junit.platform.launcher.core.EngineExecutionOrchestrator.lambda$execute$0(EngineExecutionOrchestrator.java:66)
	at org.junit.platform.launcher.core.EngineExecutionOrchestrator.withInterceptedStreams(EngineExecutionOrchestrator.java:168)
	at org.junit.platform.launcher.core.EngineExecutionOrchestrator.execute(EngineExecutionOrchestrator.java:65)
	at org.junit.platform.launcher.core.DefaultLauncher.execute(DefaultLauncher.java:137)
	at org.junit.platform.launcher.core.DefaultLauncher.execute(DefaultLauncher.java:126)
	at org.junit.platform.launcher.core.DelegatingLauncher.execute(DelegatingLauncher.java:71)
	at org.junit.platform.launcher.core.InterceptingLauncher.lambda$execute$2(InterceptingLauncher.java:66)
	at org.junit.platform.launcher.core.ClasspathAlignmentCheckingLauncherInterceptor.intercept(ClasspathAlignmentCheckingLauncherInterceptor.java:25)
	at org.junit.platform.launcher.core.InterceptingLauncher.execute(InterceptingLauncher.java:65)
	at org.junit.platform.launcher.core.DelegatingLauncher.execute(DelegatingLauncher.java:71)
	at java.base/jdk.internal.reflect.DirectMethodHandleAccessor.invoke(DirectMethodHandleAccessor.java:103)
	at java.base/java.lang.reflect.Method.invoke(Method.java:580)
	at org.apache.maven.surefire.api.util.ReflectionUtils.invokeMethodWithArray(ReflectionUtils.java:125)
	at org.apache.maven.surefire.junitplatform.LauncherAdapter.executeWithCancellationToken(LauncherAdapter.java:68)
	at org.apache.maven.surefire.junitplatform.LauncherAdapter.execute(LauncherAdapter.java:54)
	at org.apache.maven.surefire.junitplatform.JUnitPlatformProvider.execute(JUnitPlatformProvider.java:283)
	at org.apache.maven.surefire.junitplatform.JUnitPlatformProvider.invokeAllTests(JUnitPlatformProvider.java:253)
	at org.apache.maven.surefire.junitplatform.JUnitPlatformProvider.invoke(JUnitPlatformProvider.java:221)
	at org.apache.maven.surefire.booter.ForkedBooter.runSuitesInProcess(ForkedBooter.java:394)
	at org.apache.maven.surefire.booter.ForkedBooter.execute(ForkedBooter.java:181)
	at org.apache.maven.surefire.booter.ForkedBooter.run(ForkedBooter.java:530)
	at org.apache.maven.surefire.booter.ForkedBooter.main(ForkedBooter.java:518)
]]></system-out>
  </testcase>
  <testcase name="malformedSecret_warnsFallsBackAndNeverLogsTheSecretText" classname="io.github.camunda.connector.GovernorConnectorLoggingTest" time="0.052">
    <system-out><![CDATA[23:57:19.146 DEBUG i.g.c.c.pricing.PriceTable - Parsed GOVERNOR_PRICE_TABLE: 0 rows
23:57:19.146 INFO  i.g.c.c.GovernorConnector - Token Cost Reporter loaded, default price table rows=0
23:57:19.149 DEBUG i.g.c.c.pricing.PriceTable - Parsed GOVERNOR_PRICE_TABLE: 1 rows
23:57:19.149 INFO  i.g.c.c.GovernorConnector - Token Cost Reporter loaded, default price table rows=1
23:57:19.188 DEBUG i.g.c.c.GovernorConnector - Request: provider=anthropic model=claude-sonnet-5 agent='claims-triage' inputTokens=1000 outputTokens=1000 priceTableSecret=62 chars
23:57:19.188 WARN  i.g.c.c.pricing.PriceTable - GOVERNOR_PRICE_TABLE could not be parsed as a JSON array of price rows (62 chars, JsonMappingException: Unexpected character ('T' (code 84)): was expecting double-quote to start field name) - falling back to the bundled default table
23:57:19.188 DEBUG i.g.c.c.GovernorConnector - Price found in DEFAULT_TABLE: inputPer1kMicros=3000 outputPer1kMicros=15000 currency=USD
23:57:19.188 DEBUG i.g.c.c.m.TokenCostMetrics - Recording governor_* counters on a non-composite registry: SimpleMeterRegistry
23:57:19.188 DEBUG i.g.c.c.m.TokenCostMetrics - Recorded governor_* counters: provider=anthropic model=claude-sonnet-5 agent=claims-triage +calls=1 +inputTokens=1000 +outputTokens=1000 +costUsd=0.018
23:57:19.188 INFO  i.g.c.c.GovernorConnector - Token cost: provider=anthropic model=claude-sonnet-5 agent=claims-triage inputTokens=1000 outputTokens=1000 totalTokens=2000 costMicros=18000 costUsd=0.018000 priceSource=DEFAULT_TABLE elapsedMs=21
]]></system-out>
  </testcase>
  <testcase name="priceNotFound_warnsWithTheRequestedKeyAndTableSizes" classname="io.github.camunda.connector.GovernorConnectorLoggingTest" time="0.049">
    <system-out><![CDATA[23:57:19.200 DEBUG i.g.c.c.pricing.PriceTable - Parsed GOVERNOR_PRICE_TABLE: 0 rows
23:57:19.200 INFO  i.g.c.c.GovernorConnector - Token Cost Reporter loaded, default price table rows=0
23:57:19.240 DEBUG i.g.c.c.GovernorConnector - Request: provider=anthropic model=claude-sonnet-5 agent='claims-triage' inputTokens=1000 outputTokens=1000 priceTableSecret=117 chars
23:57:19.242 DEBUG i.g.c.c.pricing.PriceTable - Parsed GOVERNOR_PRICE_TABLE: 1 rows
23:57:19.242 DEBUG i.g.c.c.GovernorConnector - anthropic:claude-sonnet-5 is not in the GOVERNOR_PRICE_TABLE secret (1 rows) - trying the bundled default table
23:57:19.243 WARN  i.g.c.c.GovernorConnector - No price for anthropic:claude-sonnet-5 - secretTable=1 rows defaultTableRows=0
23:57:19.243 DEBUG i.g.c.c.GovernorConnector - Known price keys: secretTable=[openai:gpt-5] defaultTable=[]
]]></system-out>
  </testcase>
  <testcase name="emptyCompositeRegistry_warnsExactlyOnceThatMetricsWillNotBeExported" classname="io.github.camunda.connector.GovernorConnectorLoggingTest" time="0.111">
    <system-out><![CDATA[23:57:19.247 DEBUG i.g.c.c.pricing.PriceTable - Parsed GOVERNOR_PRICE_TABLE: 0 rows
23:57:19.247 INFO  i.g.c.c.GovernorConnector - Token Cost Reporter loaded, default price table rows=0
23:57:19.247 DEBUG i.g.c.c.pricing.PriceTable - Parsed GOVERNOR_PRICE_TABLE: 1 rows
23:57:19.247 INFO  i.g.c.c.GovernorConnector - Token Cost Reporter loaded, default price table rows=1
23:57:19.291 DEBUG i.g.c.c.GovernorConnector - Request: provider=anthropic model=claude-sonnet-5 agent='claims-triage' inputTokens=1000 outputTokens=1000 priceTableSecret=133 chars
23:57:19.292 DEBUG i.g.c.c.pricing.PriceTable - Parsed GOVERNOR_PRICE_TABLE: 1 rows
23:57:19.292 DEBUG i.g.c.c.GovernorConnector - Price found in CLUSTER_SECRET: inputPer1kMicros=3000 outputPer1kMicros=15000 currency=USD
23:57:19.294 WARN  i.g.c.c.m.TokenCostMetrics - Micrometer global registry has no child registries bound: governor_* counters are being recorded but will NOT appear on /actuator/prometheus. Check the host exposes a Prometheus registry (micrometer-registry-prometheus on the classpath) and management.metrics.use-global-registry is true.
23:57:19.299 DEBUG i.g.c.c.m.TokenCostMetrics - Recorded governor_* counters: provider=anthropic model=claude-sonnet-5 agent=claims-triage +calls=1 +inputTokens=1000 +outputTokens=1000 +costUsd=0.018
23:57:19.300 INFO  i.g.c.c.GovernorConnector - Token cost: provider=anthropic model=claude-sonnet-5 agent=claims-triage inputTokens=1000 outputTokens=1000 totalTokens=2000 costMicros=18000 costUsd=0.018000 priceSource=CLUSTER_SECRET elapsedMs=23
23:57:19.342 DEBUG i.g.c.c.GovernorConnector - Request: provider=anthropic model=claude-sonnet-5 agent='claims-triage' inputTokens=1000 outputTokens=1000 priceTableSecret=133 chars
23:57:19.345 DEBUG i.g.c.c.pricing.PriceTable - Parsed GOVERNOR_PRICE_TABLE: 1 rows
23:57:19.354 DEBUG i.g.c.c.GovernorConnector - Price found in CLUSTER_SECRET: inputPer1kMicros=3000 outputPer1kMicros=15000 currency=USD
23:57:19.355 DEBUG i.g.c.c.m.TokenCostMetrics - Recorded governor_* counters: provider=anthropic model=claude-sonnet-5 agent=claims-triage +calls=1 +inputTokens=1000 +outputTokens=1000 +costUsd=0.018
23:57:19.356 INFO  i.g.c.c.GovernorConnector - Token cost: provider=anthropic model=claude-sonnet-5 agent=claims-triage inputTokens=1000 outputTokens=1000 totalTokens=2000 costMicros=18000 costUsd=0.018000 priceSource=CLUSTER_SECRET elapsedMs=29
]]></system-out>
  </testcase>
  <testcase name="success_logsOneInfoTraceLineWithEverythingNeededToFollowTheRun" classname="io.github.camunda.connector.GovernorConnectorLoggingTest" time="0.045">
    <system-out><![CDATA[23:57:19.362 DEBUG i.g.c.c.pricing.PriceTable - Parsed GOVERNOR_PRICE_TABLE: 0 rows
23:57:19.363 INFO  i.g.c.c.GovernorConnector - Token Cost Reporter loaded, default price table rows=0
23:57:19.399 DEBUG i.g.c.c.GovernorConnector - Request: provider=anthropic model=claude-sonnet-5 agent='claims-triage' inputTokens=1000 outputTokens=1000 priceTableSecret=133 chars
23:57:19.400 DEBUG i.g.c.c.pricing.PriceTable - Parsed GOVERNOR_PRICE_TABLE: 1 rows
23:57:19.402 DEBUG i.g.c.c.GovernorConnector - Price found in CLUSTER_SECRET: inputPer1kMicros=3000 outputPer1kMicros=15000 currency=USD
23:57:19.402 DEBUG i.g.c.c.m.TokenCostMetrics - Recording governor_* counters on a non-composite registry: SimpleMeterRegistry
23:57:19.403 DEBUG i.g.c.c.m.TokenCostMetrics - Recorded governor_* counters: provider=anthropic model=claude-sonnet-5 agent=claims-triage +calls=1 +inputTokens=1000 +outputTokens=1000 +costUsd=0.018
23:57:19.404 INFO  i.g.c.c.GovernorConnector - Token cost: provider=anthropic model=claude-sonnet-5 agent=claims-triage inputTokens=1000 outputTokens=1000 totalTokens=2000 costMicros=18000 costUsd=0.018000 priceSource=CLUSTER_SECRET elapsedMs=16
]]></system-out>
  </testcase>
</testsuite>